>>> Syncing repository 'guru' into '/var/db/repos/guru'...
/usr/bin/git clone --depth 1 https://github.com/gentoo-mirror/guru.git .
Cloning into '.'...
=== Sync completed for guru

Performing Global Updates
(Could take a couple of minutes if you have a lot of binary packages.)
  .='update pass'  *='binary update'  #='/var/db update'  @='/var/db move'
  s='/var/db SLOT move'  %='binary move'  S='binary SLOT move'
  p='update /etc/portage/package.*'
/var/db/repos/guru/profiles/updates/4Q-2024...
/var/db/repos/guru/profiles/updates/2Q-2026...
/var/db/repos/guru/profiles/updates/2Q-2021.........
/var/db/repos/guru/profiles/updates/1Q-2025.....
/var/db/repos/guru/profiles/updates/3Q-2022.....
/var/db/repos/guru/profiles/updates/3Q-2025.....
/var/db/repos/guru/profiles/updates/2Q-2022....
/var/db/repos/guru/profiles/updates/3Q-2024..
/var/db/repos/guru/profiles/updates/3Q-2020.
/var/db/repos/guru/profiles/updates/4Q-2023.
/var/db/repos/guru/profiles/updates/2Q-2023.........
/var/db/repos/guru/profiles/updates/4Q-2020.
/var/db/repos/guru/profiles/updates/4Q-2022..
/var/db/repos/guru/profiles/updates/1Q-2026..
/var/db/repos/guru/profiles/updates/1Q-2024............
/var/db/repos/guru/profiles/updates/1Q-2023...
/var/db/repos/guru/profiles/updates/4Q-2025...
/var/db/repos/guru/profiles/updates/1Q-2022....
/var/db/repos/guru/profiles/updates/1Q-2021...
/var/db/repos/guru/profiles/updates/2Q-2024.........
/var/db/repos/guru/profiles/updates/4Q-2021...........
/var/db/repos/guru/profiles/updates/2Q-2020..
/var/db/repos/guru/profiles/updates/2Q-2025..



 * IMPORTANT: 5 config files in '/etc' need updating.
 * See the CONFIGURATION FILES and CONFIGURATION FILES UPDATE TOOLS
 * sections of the emerge man page to learn how to update config files.

 * IMPORTANT: 25 news items need reading for repository 'gentoo'.
 * Use eselect news read to view new items.


Action: sync for repo: guru, returned code = 0


GURU_SYNC_RC=0
