[ WARNING ] Running Hyprland with superuser privileges might damage your system
Superuser privileges check is omitted. I hope you know what you're doing.
Welcome to Hyprland!

                                                  
                     YY    UJ                     
                    YYY    UUJ                    
                   XXXY    UUUU                   
                  zXXXX    UUUUU                  
                zzzzX        UUUUJ                
               cczzz          UUUUJ               
             vccccz            UUUUUJ             
            vvcccc              UUUUUJ            
           vvvvv                  UUUUJ           
          uuuvv                    UUUUJ          
         uuuuu                      UUUUU         
        nnnuu                        UUUUU        
       nnnnn                          YUUUU       
       xxnn                            YUUU       
       xxxn                            YYUU       
      xxxx                              YYUU      
      rxxx                              YYYY      
      rrrx                              YYYY      
       rrrx                            XXXY       
       rrrr                            XXXX       
        rrrr                          zzXX        
         rrrr                        zzzz         
          rrrrr                    ccczz          
           rrrrrx                vccccc           
             rrrrxxxx        uuvvvvvc             
                rrxxxxxxnnnnuuuuuv                
                    xxxxxnnnnu                    



DEBUG ]: Old rlimit: soft -> 1024, hard -> 4096
DEBUG ]: New rlimit: soft -> 4096, hard -> 4096
WARN ]: WARNING: Hyprland is being launched without start-hyprland. This is highly advised against.
DEBUG ]: Creating the EventLoopManager!
DEBUG ]: Creating the KeybindManager!
DEBUG ]: Creating the AnimationManager!
DEBUG ]: Creating the DynamicPermissionManager!
DEBUG ]: Creating the ConfigManager!
DEBUG ]: [cfg] Regular config at /root/.config/hypr/hyprland.conf
DEBUG ]: [cfg] Lua config not found, using legacy config at /root/.config/hypr/hyprland.conf
DEBUG ]: Using config: /root/.config/hypr/hyprland.conf
DEBUG ]: !!!!HEY YOU, YES YOU!!!!: further logs to stdout / logfile are disabled by default. BEFORE SENDING THIS LOG, ENABLE THEM. Use debug:disable_logs = false to do so: https://wiki.hypr.land/Configuring/Basics/Variables/#debug
DEBUG ]: Creating the Error Overlay!
DEBUG ]: Creating the LayoutManager!
DEBUG ]: Creating the TokenManager!
DEBUG ]: Using config: /root/.config/hypr/hyprland.conf
DEBUG ]: Disabling stdout logs! Check the log for further logs.
DEBUG ]: Creating the PointerManager!
DEBUG ]: Creating the EventManager!
DEBUG ]: Creating the AsyncResourceGatherer!
libEGL warning: egl: failed to create dri2 screen
libEGL warning: egl: failed to create dri2 screen
libEGL warning: NEEDS EXTENSION: falling back to kms_swrast
libEGL warning: egl: failed to create dri2 screen
libEGL warning: egl: failed to create dri2 screen
libEGL warning: NEEDS EXTENSION: falling back to kms_swrast
